<?xml version="1.0" encoding="UTF-8"?>
<testsuite name="comp1721.cwk1.Basic" tests="13" skipped="0" failures="0" errors="0" timestamp="2021-03-28T15:13:57" hostname="DESKTOP-6VTRM8L" time="0.043">
  <properties/>
  <testcase name="Records can be retrieved correctly given their index" classname="comp1721.cwk1.Basic" time="0.024"/>
  <testcase name="Correct format for string conversion" classname="comp1721.cwk1.Basic" time="0.006"/>
  <testcase name="Daily case totals computed correctly" classname="comp1721.cwk1.Basic" time="0.001"/>
  <testcase name="staffCases field set up correctly" classname="comp1721.cwk1.Basic" time="0.001"/>
  <testcase name="DatasetException thrown for invalid case counts" classname="comp1721.cwk1.Basic" time="0.001"/>
  <testcase name="date field set up correctly" classname="comp1721.cwk1.Basic" time="0.001"/>
  <testcase name="otherCases field set up correctly" classname="comp1721.cwk1.Basic" time="0.001"/>
  <testcase name="Records can be added to a dataset" classname="comp1721.cwk1.Basic" time="0.001"/>
  <testcase name="Records can be found by date" classname="comp1721.cwk1.Basic" time="0.001"/>
  <testcase name="studentCases field set up correctly" classname="comp1721.cwk1.Basic" time="0.0"/>
  <testcase name="DatasetException if using invalid index to retrieve a record" classname="comp1721.cwk1.Basic" time="0.001"/>
  <testcase name="Dataset is initially empty" classname="comp1721.cwk1.Basic" time="0.0"/>
  <testcase name="DatasetException if no record found for required date" classname="comp1721.cwk1.Basic" time="0.001"/>
  <system-out><![CDATA[length is: 10
msize is:0
length is: 10
msize is:1
length is: 10
msize is:0
length is: 10
msize is:0
length is: 10
msize is:1
length is: 10
msize is:0
length is: 10
msize is:1
length is: 10
msize is:0
]]></system-out>
  <system-err><![CDATA[]]></system-err>
</testsuite>
