<?xml version="1.0" encoding="UTF-8"?>
<testsuite name="comp1721.cwk1.Full" tests="6" skipped="0" failures="0" errors="0" timestamp="2021-03-28T15:13:57" hostname="DESKTOP-6VTRM8L" time="0.031">
  <properties/>
  <testcase name="DatasetException if a column is missing in CSV" classname="comp1721.cwk1.Full" time="0.01"/>
  <testcase name="DatasetException if dataset too small to write active cases" classname="comp1721.cwk1.Full" time="0.002"/>
  <testcase name="Reading deletes existing data, even if file has col headings only" classname="comp1721.cwk1.Full" time="0.003"/>
  <testcase name="Daily cases are read from CSV file" classname="comp1721.cwk1.Full" time="0.006"/>
  <testcase name="Active cases written to a CSV file correctly" classname="comp1721.cwk1.Full" time="0.004"/>
  <testcase name="Suitable exception if CSV file cannot be found" classname="comp1721.cwk1.Full" time="0.003"/>
  <system-out><![CDATA[length is: 10
msize is:0
length is: 10
msize is:1
length is: 10
msize is:2
length is: 10
msize is:3
length is: 10
msize is:4
length is: 10
msize is:5
length is: 10
msize is:6
length is: 10
msize is:7
length is: 10
msize is:8
length is: 10
msize is:9
length is: 10
msize is:10
length is: 10
msize is:0
length is: 10
msize is:1
length is: 10
msize is:2
length is: 10
msize is:3
length is: 10
msize is:4
length is: 10
msize is:5
length is: 10
msize is:6
length is: 10
msize is:7
length is: 10
msize is:8
date is: 2020-10-17
staffCases is: 1
studentCases is: 14
otherCases is: 1
length is: 10
msize is:0
CaseRecord is: 2020-10-17: 1 staff, 14 students, 1 other
length is: 10
msize is:0
length is: 10
msize is:1
length is: 10
msize is:2
length is: 10
msize is:3
length is: 10
msize is:4
length is: 10
msize is:5
length is: 10
msize is:6
length is: 10
msize is:7
length is: 10
msize is:8
length is: 10
msize is:9
length is: 10
msize is:10
length is: 10
msize is:0
length is: 10
msize is:1
length is: 10
msize is:2
length is: 10
msize is:3
length is: 10
msize is:4
length is: 10
msize is:5
length is: 10
msize is:6
length is: 10
msize is:7
length is: 10
msize is:8
length is: 10
msize is:0
length is: 10
msize is:1
length is: 10
msize is:2
length is: 10
msize is:3
length is: 10
msize is:4
length is: 10
msize is:5
length is: 10
msize is:6
length is: 10
msize is:7
length is: 10
msize is:8
length is: 10
msize is:9
length is: 10
msize is:10
length is: 10
msize is:0
length is: 10
msize is:1
length is: 10
msize is:2
length is: 10
msize is:3
length is: 10
msize is:4
length is: 10
msize is:5
length is: 10
msize is:6
length is: 10
msize is:7
length is: 10
msize is:8
length is: 10
msize is:0
length is: 10
msize is:0
length is: 10
msize is:1
length is: 10
msize is:2
length is: 10
msize is:3
length is: 10
msize is:4
length is: 10
msize is:5
length is: 10
msize is:6
length is: 10
msize is:7
length is: 10
msize is:8
length is: 10
msize is:9
length is: 10
msize is:10
length is: 10
msize is:0
length is: 10
msize is:1
length is: 10
msize is:2
length is: 10
msize is:3
length is: 10
msize is:4
length is: 10
msize is:5
length is: 10
msize is:6
length is: 10
msize is:7
length is: 10
msize is:8
date is: 2020-10-17
staffCases is: 1
studentCases is: 14
otherCases is: 1
length is: 10
msize is:0
CaseRecord is: 2020-10-17: 1 staff, 14 students, 1 other
date is: 2020-10-18
staffCases is: 1
studentCases is: 6
otherCases is: 0
length is: 10
msize is:1
CaseRecord is: 2020-10-18: 1 staff, 6 students, 0 other
date is: 2020-10-19
staffCases is: 3
studentCases is: 21
otherCases is: 1
length is: 10
msize is:2
CaseRecord is: 2020-10-19: 3 staff, 21 students, 1 other
length is: 10
msize is:0
length is: 10
msize is:1
length is: 10
msize is:2
length is: 10
msize is:3
length is: 10
msize is:4
length is: 10
msize is:5
length is: 10
msize is:6
length is: 10
msize is:7
length is: 10
msize is:8
length is: 10
msize is:9
length is: 10
msize is:10
length is: 10
msize is:0
length is: 10
msize is:1
length is: 10
msize is:2
length is: 10
msize is:3
length is: 10
msize is:4
length is: 10
msize is:5
length is: 10
msize is:6
length is: 10
msize is:7
length is: 10
msize is:8
length is: 10
msize is:0
length is: 10
msize is:1
length is: 10
msize is:2
length is: 10
msize is:3
length is: 10
msize is:4
length is: 10
msize is:5
length is: 10
msize is:6
length is: 10
msize is:7
length is: 10
msize is:8
length is: 10
msize is:9
length is: 10
msize is:10
length is: 10
msize is:0
length is: 10
msize is:1
length is: 10
msize is:2
length is: 10
msize is:3
length is: 10
msize is:4
length is: 10
msize is:5
length is: 10
msize is:6
length is: 10
msize is:7
length is: 10
msize is:8
]]></system-out>
  <system-err><![CDATA[]]></system-err>
</testsuite>
